<?xml version="1.0" encoding="UTF-8"?>
<testng-results total="1" passed="1" failed="0" skipped="0">
  <reporter-output>
    <line>
      <![CDATA[User has signed in successfully]]>
    </line>
    <line>
      <![CDATA[Organ Systems was selected successfully]]>
    </line>
    <line>
      <![CDATA[All options from the pop-up were selected successfully]]>
    </line>
    <line>
      <![CDATA[Organ Systems Questions selection was complete]]>
    </line>
    <line>
      <![CDATA[Difficulty filter was selected successfully]]>
    </line>
    <line>
      <![CDATA[All options from Difficulty filter pop-up was selected successfully]]>
    </line>
    <line>
      <![CDATA[Difficulty Filter was selected successfully]]>
    </line>
    <line>
      <![CDATA[Verification of Simple Selection of Questions was completed successfully]]>
    </line>
  </reporter-output>
  <suite started-at="2019-06-12T18:09:51Z" name="Default suite" finished-at="2019-06-12T18:10:09Z" duration-ms="17524">
    <groups>
    </groups>
    <test started-at="2019-06-12T18:09:51Z" name="Default test" finished-at="2019-06-12T18:10:09Z" duration-ms="17524">
      <class name="com.test.tests.TestCases">
        <test-method is-config="true" signature="launchBrowser()[pri:0, instance:com.test.tests.TestCases@587e5365]" started-at="2019-06-12T13:09:51Z" name="launchBrowser" finished-at="2019-06-12T13:09:54Z" duration-ms="2748" status="PASS">
          <reporter-output>
          </reporter-output>
        </test-method> <!-- launchBrowser -->
        <test-method signature="verifySimpleSelection()[pri:0, instance:com.test.tests.TestCases@587e5365]" started-at="2019-06-12T13:09:54Z" name="verifySimpleSelection" finished-at="2019-06-12T13:10:08Z" duration-ms="14552" status="PASS">
          <reporter-output>
            <line>
              <![CDATA[User has signed in successfully]]>
            </line>
            <line>
              <![CDATA[Organ Systems was selected successfully]]>
            </line>
            <line>
              <![CDATA[All options from the pop-up were selected successfully]]>
            </line>
            <line>
              <![CDATA[Organ Systems Questions selection was complete]]>
            </line>
            <line>
              <![CDATA[Difficulty filter was selected successfully]]>
            </line>
            <line>
              <![CDATA[All options from Difficulty filter pop-up was selected successfully]]>
            </line>
            <line>
              <![CDATA[Difficulty Filter was selected successfully]]>
            </line>
            <line>
              <![CDATA[Verification of Simple Selection of Questions was completed successfully]]>
            </line>
          </reporter-output>
        </test-method> <!-- verifySimpleSelection -->
        <test-method is-config="true" signature="terminateBrowser()[pri:0, instance:com.test.tests.TestCases@587e5365]" started-at="2019-06-12T13:10:08Z" name="terminateBrowser" finished-at="2019-06-12T13:10:09Z" duration-ms="209" status="PASS">
          <reporter-output>
          </reporter-output>
        </test-method> <!-- terminateBrowser -->
      </class> <!-- com.test.tests.TestCases -->
    </test> <!-- Default test -->
  </suite> <!-- Default suite -->
</testng-results>
